======================================================
= Downloading Linux Kernel Sources + Busybox Sources =
======================================================
======================================================
= 				Patching Kernel                    =
======================================================
patching file drivers/net/usb/smsc95xx.c
patching file drivers/pinctrl/pinctrl-bcm2835.c
======================================================
= 				Copying Gitlab Sources             =
======================================================
=============================
= Compiling Busybox for ARM =
=============================
  GEN     include/applets.h
  GEN     include/usage.h
  GEN     procps/Kbuild
  GEN     procps/Config.in
  GEN     debianutils/Kbuild
  GEN     debianutils/Config.in
  GEN     util-linux/Kbuild
  GEN     util-linux/Config.in
  GEN     util-linux/volume_id/Kbuild
  GEN     util-linux/volume_id/Config.in
  GEN     scripts/Kbuild
  GEN     console-tools/Kbuild
  GEN     console-tools/Config.in
  GEN     networking/Kbuild
  GEN     networking/Config.in
  GEN     networking/libiproute/Kbuild
  GEN     networking/udhcp/Kbuild
  GEN     networking/udhcp/Config.in
  GEN     libpwdgrp/Kbuild
  GEN     mailutils/Kbuild
  GEN     mailutils/Config.in
  GEN     e2fsprogs/Kbuild
  GEN     e2fsprogs/Config.in
  GEN     e2fsprogs/old_e2fsprogs/Kbuild
  GEN     e2fsprogs/old_e2fsprogs/Config.in
  GEN     e2fsprogs/old_e2fsprogs/blkid/Kbuild
  GEN     e2fsprogs/old_e2fsprogs/e2p/Kbuild
  GEN     e2fsprogs/old_e2fsprogs/uuid/Kbuild
  GEN     e2fsprogs/old_e2fsprogs/ext2fs/Kbuild
  GEN     applets/Kbuild
  GEN     modutils/Kbuild
  GEN     modutils/Config.in
  GEN     selinux/Kbuild
  GEN     selinux/Config.in
  GEN     findutils/Kbuild
  GEN     findutils/Config.in
  GEN     shell/Kbuild
  GEN     shell/Config.in
  GEN     miscutils/Kbuild
  GEN     miscutils/Config.in
  GEN     archival/Kbuild
  GEN     archival/Config.in
  GEN     archival/libarchive/Kbuild
  GEN     init/Kbuild
  GEN     init/Config.in
  GEN     runit/Kbuild
  GEN     runit/Config.in
  GEN     loginutils/Kbuild
  GEN     loginutils/Config.in
  GEN     printutils/Kbuild
  GEN     printutils/Config.in
  GEN     sysklogd/Kbuild
  GEN     sysklogd/Config.in
  GEN     editors/Kbuild
  GEN     editors/Config.in
  GEN     coreutils/Kbuild
  GEN     coreutils/Config.in
  GEN     coreutils/libcoreutils/Kbuild
  GEN     libbb/Kbuild
  GEN     libbb/Config.in
  HOSTCC  scripts/basic/fixdep
  HOSTCC  scripts/basic/split-include
  HOSTCC  scripts/basic/docproc
  HOSTCC  scripts/kconfig/conf.o
  HOSTCC  scripts/kconfig/kxgettext.o
  HOSTCC  scripts/kconfig/mconf.o
  SHIPPED scripts/kconfig/zconf.tab.c
  SHIPPED scripts/kconfig/lex.zconf.c
  SHIPPED scripts/kconfig/zconf.hash.c
  HOSTCC  scripts/kconfig/zconf.tab.o
  HOSTLD  scripts/kconfig/conf
scripts/kconfig/conf -s Config.in
#
# using defaults found in .config
#
  SPLIT   include/autoconf.h -> include/config/*
  GEN     include/bbconfigopts.h
  HOSTCC  applets/usage
  GEN     include/usage_compressed.h
  HOSTCC  applets/applet_tables
  GEN     include/applet_tables.h
  CC      applets/applets.o
  LD      applets/built-in.o
  HOSTCC  applets/usage_pod
  LD      archival/built-in.o
  AR      archival/lib.a
  LD      archival/libarchive/built-in.o
  AR      archival/libarchive/lib.a
  LD      console-tools/built-in.o
  CC      console-tools/clear.o
  CC      console-tools/dumpkmap.o
  CC      console-tools/kbd_mode.o
  CC      console-tools/loadkmap.o
  CC      console-tools/setconsole.o
  AR      console-tools/lib.a
  LD      coreutils/built-in.o
  CC      coreutils/cal.o
  CC      coreutils/cat.o
  CC      coreutils/catv.o
  CC      coreutils/chmod.o
  CC      coreutils/chown.o
  CC      coreutils/chroot.o
  CC      coreutils/cksum.o
  CC      coreutils/comm.o
  CC      coreutils/cp.o
  CC      coreutils/date.o
  CC      coreutils/dd.o
  CC      coreutils/df.o
  CC      coreutils/du.o
  CC      coreutils/echo.o
  CC      coreutils/hostid.o
  CC      coreutils/id.o
  CC      coreutils/install.o
  CC      coreutils/ln.o
  CC      coreutils/ls.o
  CC      coreutils/mkdir.o
  CC      coreutils/mknod.o
  CC      coreutils/mv.o
  CC      coreutils/nice.o
  CC      coreutils/nohup.o
  CC      coreutils/od.o
  CC      coreutils/printenv.o
  CC      coreutils/printf.o
  CC      coreutils/pwd.o
  CC      coreutils/readlink.o
  CC      coreutils/rm.o
  CC      coreutils/rmdir.o
  CC      coreutils/sleep.o
  CC      coreutils/tail.o
  CC      coreutils/tee.o
  CC      coreutils/test.o
  CC      coreutils/test_ptr_hack.o
  CC      coreutils/touch.o
  CC      coreutils/tty.o
  CC      coreutils/uudecode.o
  AR      coreutils/lib.a
  LD      coreutils/libcoreutils/built-in.o
  CC      coreutils/libcoreutils/cp_mv_stat.o
  CC      coreutils/libcoreutils/getopt_mk_fifo_nod.o
  AR      coreutils/libcoreutils/lib.a
  LD      debianutils/built-in.o
  AR      debianutils/lib.a
  LD      e2fsprogs/built-in.o
  AR      e2fsprogs/lib.a
  LD      editors/built-in.o
  CC      editors/sed.o
  CC      editors/vi.o
  AR      editors/lib.a
  LD      findutils/built-in.o
  CC      findutils/find.o
  CC      findutils/grep.o
  AR      findutils/lib.a
  LD      init/built-in.o
  CC      init/halt.o
  CC      init/init.o
  AR      init/lib.a
  LD      libbb/built-in.o
  CC      libbb/appletlib.o
  CC      libbb/ask_confirmation.o
  CC      libbb/bb_askpass.o
  CC      libbb/bb_bswap_64.o
  CC      libbb/bb_do_delay.o
  CC      libbb/bb_pwd.o
  CC      libbb/bb_qsort.o
  CC      libbb/bb_strtonum.o
  CC      libbb/change_identity.o
  CC      libbb/chomp.o
  CC      libbb/compare_string_array.o
  CC      libbb/concat_path_file.o
  CC      libbb/concat_subpath_file.o
  CC      libbb/copy_file.o
  CC      libbb/copyfd.o
  CC      libbb/correct_password.o
  CC      libbb/crc32.o
  CC      libbb/default_error_retval.o
  CC      libbb/device_open.o
  CC      libbb/dump.o
  CC      libbb/endofname.o
  CC      libbb/execable.o
  CC      libbb/fclose_nonstdin.o
  CC      libbb/fflush_stdout_and_exit.o
  CC      libbb/fgets_str.o
  CC      libbb/find_mount_point.o
  CC      libbb/find_pid_by_name.o
  CC      libbb/find_root_device.o
  CC      libbb/full_write.o
  CC      libbb/get_console.o
  CC      libbb/get_cpu_count.o
  CC      libbb/get_last_path_component.o
  CC      libbb/get_line_from_file.o
  CC      libbb/get_shell_name.o
  CC      libbb/get_volsize.o
  CC      libbb/getopt32.o
  CC      libbb/getpty.o
  CC      libbb/hash_md5_sha.o
  CC      libbb/herror_msg.o
  CC      libbb/human_readable.o
  CC      libbb/in_ether.o
  CC      libbb/inet_cksum.o
  CC      libbb/inet_common.o
  CC      libbb/info_msg.o
  CC      libbb/inode_hash.o
  CC      libbb/isdirectory.o
  CC      libbb/kernel_version.o
  CC      libbb/last_char_is.o
  CC      libbb/lineedit.o
  CC      libbb/lineedit_ptr_hack.o
  CC      libbb/llist.o
  CC      libbb/login.o
  CC      libbb/loop.o
  CC      libbb/make_directory.o
  CC      libbb/makedev.o
  CC      libbb/match_fstype.o
  CC      libbb/messages.o
  CC      libbb/missing_syscalls.o
  CC      libbb/mode_string.o
  CC      libbb/nuke_str.o
  CC      libbb/parse_config.o
  CC      libbb/parse_mode.o
  CC      libbb/percent_decode.o
  CC      libbb/perror_msg.o
  CC      libbb/perror_nomsg.o
  CC      libbb/perror_nomsg_and_die.o
  CC      libbb/pidfile.o
  CC      libbb/platform.o
  CC      libbb/print_flags.o
  CC      libbb/printable.o
  CC      libbb/printable_string.o
  CC      libbb/process_escape_sequence.o
  CC      libbb/procps.o
  CC      libbb/progress.o
  CC      libbb/ptr_to_globals.o
  CC      libbb/pw_encrypt.o
  CC      libbb/read.o
  CC      libbb/read_key.o
  CC      libbb/read_printf.o
  CC      libbb/recursive_action.o
  CC      libbb/remove_file.o
  CC      libbb/run_shell.o
  CC      libbb/safe_gethostname.o
  CC      libbb/safe_poll.o
  CC      libbb/safe_strncpy.o
  CC      libbb/safe_write.o
  CC      libbb/setup_environment.o
  CC      libbb/signals.o
  CC      libbb/simplify_path.o
  CC      libbb/single_argv.o
  CC      libbb/skip_whitespace.o
  CC      libbb/speed_table.o
  CC      libbb/str_tolower.o
  CC      libbb/strrstr.o
  CC      libbb/time.o
  CC      libbb/trim.o
  CC      libbb/u_signal_names.o
  CC      libbb/udp_io.o
  CC      libbb/uuencode.o
  CC      libbb/vdprintf.o
  CC      libbb/verror_msg.o
  CC      libbb/vfork_daemon_rexec.o
  CC      libbb/warn_ignoring_args.o
  CC      libbb/wfopen.o
  CC      libbb/wfopen_input.o
  CC      libbb/write.o
  CC      libbb/xatonum.o
  CC      libbb/xconnect.o
  CC      libbb/xfunc_die.o
  CC      libbb/xfuncs.o
  CC      libbb/xfuncs_printf.o
  CC      libbb/xgetcwd.o
  CC      libbb/xgethostbyname.o
  CC      libbb/xreadlink.o
  CC      libbb/xrealloc_vector.o
  CC      libbb/xregcomp.o
  AR      libbb/lib.a
  LD      libpwdgrp/built-in.o
  CC      libpwdgrp/uidgid_get.o
  AR      libpwdgrp/lib.a
  LD      loginutils/built-in.o
  CC      loginutils/login.o
  AR      loginutils/lib.a
  LD      mailutils/built-in.o
  AR      mailutils/lib.a
  LD      miscutils/built-in.o
  CC      miscutils/less.o
  AR      miscutils/lib.a
  LD      modutils/built-in.o
  AR      modutils/lib.a
  LD      networking/built-in.o
  CC      networking/httpd.o
  CC      networking/ifconfig.o
  CC      networking/interface.o
  CC      networking/nameif.o
  CC      networking/nc.o
  CC      networking/ping.o
  CC      networking/route.o
  CC      networking/telnet.o
  CC      networking/telnetd.o
  AR      networking/lib.a
  LD      networking/libiproute/built-in.o
  AR      networking/libiproute/lib.a
  LD      networking/udhcp/built-in.o
  CC      networking/udhcp/arpping.o
  CC      networking/udhcp/common.o
  CC      networking/udhcp/dhcpc.o
  CC      networking/udhcp/dhcpd.o
  CC      networking/udhcp/dhcprelay.o
  CC      networking/udhcp/domain_codec.o
  CC      networking/udhcp/dumpleases.o
  CC      networking/udhcp/files.o
  CC      networking/udhcp/leases.o
  CC      networking/udhcp/packet.o
  CC      networking/udhcp/signalpipe.o
  CC      networking/udhcp/socket.o
  CC      networking/udhcp/static_leases.o
  AR      networking/udhcp/lib.a
  LD      printutils/built-in.o
  AR      printutils/lib.a
  LD      procps/built-in.o
  CC      procps/iostat.o
  CC      procps/kill.o
  CC      procps/pgrep.o
  CC      procps/pidof.o
  CC      procps/ps.o
  CC      procps/pstree.o
  CC      procps/sysctl.o
  CC      procps/top.o
  CC      procps/uptime.o
  AR      procps/lib.a
  LD      runit/built-in.o
  AR      runit/lib.a
  LD      selinux/built-in.o
  AR      selinux/lib.a
  LD      shell/built-in.o
  CC      shell/ash.o
  CC      shell/ash_ptr_hack.o
  CC      shell/hush.o
  CC      shell/match.o
  CC      shell/math.o
  CC      shell/random.o
  CC      shell/shell_common.o
  AR      shell/lib.a
  LD      sysklogd/built-in.o
  AR      sysklogd/lib.a
  LD      util-linux/built-in.o
  CC      util-linux/dmesg.o
  CC      util-linux/mdev.o
  CC      util-linux/mount.o
  CC      util-linux/umount.o
  AR      util-linux/lib.a
  LD      util-linux/volume_id/built-in.o
  CC      util-linux/volume_id/get_devname.o
  CC      util-linux/volume_id/util.o
  CC      util-linux/volume_id/volume_id.o
  AR      util-linux/volume_id/lib.a
  LINK    busybox_unstripped
Trying libraries: crypt m
 Library crypt is needed, can't exclude it (yet)
 Library m is not needed, excluding it
 Library crypt is needed, can't exclude it (yet)
Final link with: crypt
  DOC     busybox.pod
  DOC     BusyBox.txt
  DOC     busybox.1
  DOC     BusyBox.html
==========================
= Compiling Linux Kernel =
==========================
  HOSTCC  scripts/basic/fixdep
  HOSTCC  scripts/kconfig/conf.o
  SHIPPED scripts/kconfig/zconf.tab.c
  SHIPPED scripts/kconfig/zconf.lex.c
  SHIPPED scripts/kconfig/zconf.hash.c
  HOSTCC  scripts/kconfig/zconf.tab.o
  HOSTLD  scripts/kconfig/conf
scripts/kconfig/conf --silentoldconfig Kconfig
  CHK     include/config/kernel.release
  WRAP    arch/arm/include/generated/asm/auxvec.h
  WRAP    arch/arm/include/generated/asm/bitsperlong.h
  WRAP    arch/arm/include/generated/asm/cputime.h
  WRAP    arch/arm/include/generated/asm/current.h
  WRAP    arch/arm/include/generated/asm/emergency-restart.h
  CHK     include/generated/uapi/linux/version.h
  WRAP    arch/arm/include/generated/asm/errno.h
  WRAP    arch/arm/include/generated/asm/exec.h
  WRAP    arch/arm/include/generated/asm/hash.h
  UPD     include/generated/uapi/linux/version.h
  WRAP    arch/arm/include/generated/asm/ioctl.h
  WRAP    arch/arm/include/generated/asm/ipcbuf.h
  WRAP    arch/arm/include/generated/asm/irq_regs.h
  WRAP    arch/arm/include/generated/asm/kdebug.h
  WRAP    arch/arm/include/generated/asm/local.h
  WRAP    arch/arm/include/generated/asm/local64.h
  WRAP    arch/arm/include/generated/asm/mcs_spinlock.h
  WRAP    arch/arm/include/generated/asm/msgbuf.h
  WRAP    arch/arm/include/generated/asm/param.h
  WRAP    arch/arm/include/generated/asm/parport.h
  WRAP    arch/arm/include/generated/asm/poll.h
  WRAP    arch/arm/include/generated/asm/preempt.h
  WRAP    arch/arm/include/generated/asm/resource.h
  WRAP    arch/arm/include/generated/asm/rwsem.h
  WRAP    arch/arm/include/generated/asm/scatterlist.h
  WRAP    arch/arm/include/generated/asm/sections.h
  WRAP    arch/arm/include/generated/asm/sembuf.h
  WRAP    arch/arm/include/generated/asm/segment.h
  WRAP    arch/arm/include/generated/asm/serial.h
  WRAP    arch/arm/include/generated/asm/shmbuf.h
  HOSTCC  scripts/basic/bin2c
  WRAP    arch/arm/include/generated/asm/siginfo.h
  WRAP    arch/arm/include/generated/asm/simd.h
  WRAP    arch/arm/include/generated/asm/sizes.h
  WRAP    arch/arm/include/generated/asm/socket.h
  WRAP    arch/arm/include/generated/asm/sockios.h
  WRAP    arch/arm/include/generated/asm/termbits.h
  WRAP    arch/arm/include/generated/asm/termios.h
  UPD     include/config/kernel.release
  WRAP    arch/arm/include/generated/asm/timex.h
  WRAP    arch/arm/include/generated/asm/unaligned.h
  WRAP    arch/arm/include/generated/asm/trace_clock.h
  CHK     include/generated/utsrelease.h
  UPD     include/generated/utsrelease.h
  Generating include/generated/mach-types.h
  HOSTCC  scripts/kallsyms
  HOSTCC  scripts/dtc/checks.o
  CC      scripts/mod/empty.o
  HOSTCC  scripts/mod/mk_elfconfig
  CC      kernel/bounds.s
  CC      scripts/mod/devicetable-offsets.s
  GEN     include/generated/bounds.h
  CC      arch/arm/kernel/asm-offsets.s
  MKELF   scripts/mod/elfconfig.h
  GEN     scripts/mod/devicetable-offsets.h
  HOSTCC  scripts/mod/modpost.o
  HOSTCC  scripts/mod/sumversion.o
  HOSTCC  scripts/dtc/data.o
  GEN     include/generated/asm-offsets.h
  CALL    scripts/checksyscalls.sh
  SHIPPED scripts/dtc/dtc-lexer.lex.c
  SHIPPED scripts/dtc/dtc-parser.tab.h
  SHIPPED scripts/dtc/dtc-parser.tab.c
  HOSTCC  scripts/dtc/dtc.o
  HOSTCC  scripts/pnmtologo
  HOSTCC  scripts/dtc/flattree.o
  HOSTCC  scripts/mod/file2alias.o
  HOSTCC  scripts/conmakehash
  HOSTCC  scripts/sortextable
  HOSTCC  scripts/dtc/fstree.o
  HOSTCC  scripts/dtc/livetree.o
  HOSTCC  scripts/dtc/srcpos.o
  HOSTCC  scripts/dtc/treesource.o
  HOSTCC  scripts/dtc/util.o
  HOSTCC  scripts/dtc/dtc-lexer.lex.o
  HOSTCC  scripts/dtc/dtc-parser.tab.o
  HOSTLD  scripts/mod/modpost
  HOSTLD  scripts/dtc/dtc
  CC      init/main.o
  CHK     include/generated/compile.h
  HOSTCC  usr/gen_init_cpio
  CC      arch/arm/vfp/vfpmodule.o
  UPD     include/generated/compile.h
  AS      arch/arm/vfp/entry.o
  CC      arch/arm/kernel/elf.o
  AS      arch/arm/kernel/entry-common.o
  GEN     usr/initramfs_data.cpio.gz
  CC      arch/arm/kernel/irq.o
  AS      arch/arm/vfp/vfphw.o
  CC      arch/arm/vfp/vfpsingle.o
  AS      usr/initramfs_data.o
  LD      usr/built-in.o
  CC      init/do_mounts.o
  CC      arch/arm/kernel/opcodes.o
  CC      arch/arm/kernel/process.o
  CC      arch/arm/kernel/ptrace.o
  CC      arch/arm/vfp/vfpdouble.o
  CC      arch/arm/mm/dma-mapping.o
  CC      init/do_mounts_initrd.o
  CC      arch/arm/kernel/return_address.o
  LD      arch/arm/vfp/vfp.o
  LD      arch/arm/vfp/built-in.o
  CC      arch/arm/kernel/setup.o
  CC      arch/arm/mm/extable.o
  CC      init/initramfs.o
  CC      arch/arm/common/firmware.o
  CC      arch/arm/mm/fault.o
  CC      arch/arm/common/icst.o
  CC      arch/arm/kernel/signal.o
  CC      init/calibrate.o
  CC      arch/arm/common/timer-sp.o
  CC      arch/arm/mm/init.o
  CC      init/init_task.o
  AS      arch/arm/common/mcpm_head.o
  CC      arch/arm/common/mcpm_entry.o
  AS      arch/arm/kernel/sigreturn_codes.o
  CC      arch/arm/kernel/stacktrace.o
  CC      arch/arm/kernel/sys_arm.o
  CC      init/version.o
  CC      arch/arm/mm/iomap.o
  CC      arch/arm/common/mcpm_platsmp.o
  LD      init/mounts.o
  LD      init/built-in.o
  AS      arch/arm/common/vlock.o
  CC      arch/arm/mm/fault-armv.o
  CC      arch/arm/kernel/time.o
  CC      arch/arm/kernel/traps.o
  LD      arch/arm/common/built-in.o
  CC      arch/arm/kernel/atags_parse.o
  CC      arch/arm/mm/flush.o
  CC      arch/arm/mm/idmap.o
  CC      arch/arm/mm/ioremap.o
  LD      arch/arm/net/built-in.o
  LD      arch/arm/crypto/built-in.o
  CC      arch/arm/mm/mmap.o
  AS      arch/arm/kernel/entry-armv.o
  CC      arch/arm/mm/pgd.o
  CC      arch/arm/kernel/cpuidle.o
  AS      arch/arm/kernel/sleep.o
  CC      arch/arm/kernel/suspend.o
  CC      arch/arm/kernel/smp.o
  LD      arch/arm/firmware/built-in.o
  CC      arch/arm/kernel/smp_tlb.o
  CC      arch/arm/mm/mmu.o
  CC      arch/arm/mm/alignment.o
  AS      arch/arm/mm/abort-ev7.o
  CC      arch/arm/mach-vexpress/v2m.o
  CC      arch/arm/kernel/smp_scu.o
  CC      arch/arm/kernel/smp_twd.o
  AS      arch/arm/mm/pabort-v7.o
  AS      arch/arm/mm/cache-v7.o
  CC      arch/arm/kernel/arch_timer.o
  CC      arch/arm/mm/copypage-v6.o
  CC      arch/arm/mach-vexpress/ct-ca9x4.o
  CC      arch/arm/mach-vexpress/dcscb.o
  CC      arch/arm/kernel/unwind.o
  CC      arch/arm/mm/context.o
  AS      arch/arm/mm/tlb-v7.o
  AS      arch/arm/mach-vexpress/dcscb_setup.o
  CC      arch/arm/mach-vexpress/spc.o
  CC      arch/arm/kernel/devtree.o
  AS      arch/arm/mm/proc-v7.o
  CC      arch/arm/mach-vexpress/tc2_pm.o
  CC      arch/arm/mm/l2c-common.o
  CC      arch/arm/mm/cache-l2x0.o
  CC      arch/arm/kernel/swp_emulate.o
  CC      arch/arm/kernel/hw_breakpoint.o
  CC      arch/arm/mach-vexpress/platsmp.o
  CC      arch/arm/kernel/perf_regs.o
  CC      arch/arm/mach-vexpress/hotplug.o
  AS      arch/arm/mm/l2c-l2x0-resume.o
  LD      arch/arm/mach-vexpress/built-in.o
  LD      arch/arm/mm/built-in.o
  CC      arch/arm/plat-versatile/sched-clock.o
  CC      kernel/fork.o
  CC      mm/filemap.o
  CC      arch/arm/kernel/perf_event.o
  AS      arch/arm/plat-versatile/headsmp.o
  CC      arch/arm/plat-versatile/platsmp.o
  LD      arch/arm/plat-versatile/built-in.o
  CC      kernel/exec_domain.o
  CC      arch/arm/kernel/perf_event_cpu.o
  CC      mm/mempool.o
  CC      kernel/panic.o
  CC      arch/arm/kernel/topology.o
  CC      fs/open.o
  CC      mm/oom_kill.o
  CC      arch/arm/kernel/io.o
  CC      kernel/cpu.o
  AS      arch/arm/kernel/hyp-stub.o
  CC      arch/arm/kernel/psci.o
  CC      arch/arm/kernel/psci_smp.o
  CC      mm/fadvise.o
  AS      arch/arm/kernel/head.o
  LDS     arch/arm/kernel/vmlinux.lds
  LD      arch/arm/kernel/built-in.o
  CC      mm/maccess.o
  CC      kernel/exit.o
  CC      fs/read_write.o
  CC      fs/file_table.o
  CC      mm/page_alloc.o
  CC      mm/page-writeback.o
  CC      fs/super.o
  CC      kernel/softirq.o
  CC      kernel/resource.o
  CC      fs/char_dev.o
  CC      kernel/sysctl.o
  CC      fs/stat.o
  CC      mm/readahead.o
  CC      fs/exec.o
  CC      kernel/sysctl_binary.o
  CC      mm/swap.o
  CC      ipc/util.o
  CC      kernel/capability.o
  CC      fs/pipe.o
  CC      ipc/msgutil.o
  CC      mm/truncate.o
  CC      kernel/ptrace.o
  CC      ipc/msg.o
  CC      fs/namei.o
  CC      mm/vmscan.o
  CC      ipc/sem.o
  CC      kernel/user.o
  CC      kernel/signal.o
  CC      ipc/shm.o
  CC      mm/shmem.o
  CC      fs/fcntl.o
  CC      ipc/ipcns_notifier.o
  CC      kernel/sys.o
  CC      ipc/syscall.o
  CC      ipc/ipc_sysctl.o
  CC      fs/ioctl.o
  LD      ipc/built-in.o
  CC      fs/readdir.o
  CC      fs/select.o
  CC      mm/util.o
  CC      mm/mmzone.o
  CC      kernel/kmod.o
  CC      security/commoncap.o
  CC      mm/vmstat.o
  CC      kernel/workqueue.o
  CC      security/min_addr.o
  CC      fs/dcache.o
  LD      security/built-in.o
  CC      fs/inode.o
  CC      mm/backing-dev.o
  CC      mm/mm_init.o
  CC      mm/mmu_context.o
  CC      mm/percpu.o
  CC      crypto/api.o
  CC      kernel/pid.o
  CC      fs/attr.o
  CC      crypto/cipher.o
  CC      fs/bad_inode.o
  CC      fs/file.o
  CC      mm/slab_common.o
  CC      kernel/task_work.o
  CC      crypto/compress.o
  CC      kernel/extable.o
  CC      crypto/memneq.o
  CC      mm/compaction.o
  CC      kernel/params.o
  CC      fs/filesystems.o
  CC      crypto/algapi.o
  CC      kernel/kthread.o
  CC      fs/namespace.o
  CC      mm/balloon_compaction.o
  CC      kernel/sys_ni.o
  CC      mm/vmacache.o
  CC      crypto/scatterwalk.o
  CC      kernel/nsproxy.o
  CC      mm/interval_tree.o
  CC      crypto/proc.o
  CC      kernel/notifier.o
  CC      mm/list_lru.o
  CC      crypto/ahash.o
  CC      kernel/ksysfs.o
  CC      mm/workingset.o
  CC      kernel/cred.o
  CC      fs/seq_file.o
  CC      mm/iov_iter.o
  CC      crypto/shash.o
  CC      kernel/reboot.o
  CC      fs/xattr.o
  CC      mm/fremap.o
  CC      crypto/aes_generic.o
  CC      kernel/async.o
  CC      kernel/range.o
  CC      mm/gup.o
  CC      kernel/groups.o
  CC      fs/libfs.o
  CC      crypto/deflate.o
  CC      mm/highmem.o
  CC      kernel/smpboot.o
  CC      crypto/crc32c_generic.o
  CC      mm/madvise.o
  CC      fs/fs-writeback.o
  CC      kernel/bpf/core.o
  CC      crypto/crct10dif_common.o
  CC      crypto/crct10dif_generic.o
  CC      mm/memory.o
  CC      crypto/lzo.o
  CC      fs/pnode.o
  LD      kernel/bpf/built-in.o
  CC      kernel/events/core.o
  LD      crypto/crypto.o
  LD      crypto/crypto_algapi.o
  LD      crypto/crypto_hash.o
  LD      crypto/built-in.o
  CC      kernel/irq/irqdesc.o
  CC      fs/splice.o
  CC      kernel/irq/handle.o
  CC      kernel/irq/manage.o
  CC      mm/mincore.o
  CC      kernel/irq/spurious.o
  CC      fs/sync.o
  CC      mm/mlock.o
  CC      kernel/irq/resend.o
  CC      fs/utimes.o
  CC      kernel/irq/chip.o
  CC      mm/mmap.o
  CC      fs/stack.o
  CC      kernel/irq/dummychip.o
  CC      fs/fs_struct.o
  CC      kernel/irq/devres.o
  CC      fs/statfs.o
  CC      kernel/irq/autoprobe.o
  CC      kernel/events/ring_buffer.o
  CC      kernel/irq/irqdomain.o
  CC      fs/fs_pin.o
  CC      kernel/events/callchain.o
  CC      fs/buffer.o
  CC      kernel/irq/proc.o
  CC      mm/mprotect.o
  CC      kernel/events/hw_breakpoint.o
  CC      kernel/irq/pm.o
  CC      mm/mremap.o
  LD      kernel/irq/built-in.o
  CC      fs/block_dev.o
  LD      kernel/events/built-in.o
  CC      kernel/locking/mutex.o
  CC      mm/msync.o
  CC      kernel/locking/semaphore.o
  CC      mm/rmap.o
  CC      mm/vmalloc.o
  CC      fs/direct-io.o
  CC      kernel/locking/rwsem.o
  CC      kernel/locking/mcs_spinlock.o
  CC      kernel/locking/spinlock.o
  CC      kernel/locking/lglock.o
  CC      kernel/power/qos.o
  CC      kernel/locking/rtmutex.o
  CC      kernel/power/main.o
  CC      mm/pagewalk.o
  CC      kernel/locking/rwsem-xadd.o
  CC      fs/mpage.o
  CC      kernel/power/console.o
  CC      mm/pgtable-generic.o
  LD      kernel/locking/built-in.o
  CC      kernel/power/process.o
  CC      mm/process_vm_access.o
  CC      mm/init-mm.o
  CC      fs/proc_namespace.o
  CC      kernel/power/suspend.o
  CC      kernel/power/poweroff.o
  CC      kernel/printk/printk.o
  CC      mm/nobootmem.o
  CC      fs/9p/vfs_super.o
  LD      kernel/power/built-in.o
  CC      fs/9p/vfs_inode.o
  CC      mm/memblock.o
  CC      mm/page_io.o
  CC      fs/9p/vfs_inode_dotl.o
  CC      fs/cramfs/inode.o
  CC      mm/swap_state.o
  LD      kernel/printk/built-in.o
  CC      kernel/rcu/update.o
  CC      fs/9p/vfs_addr.o
  CC      fs/cramfs/uncompress.o
  CC      kernel/rcu/srcu.o
  LD      fs/cramfs/cramfs.o
  CC      mm/swapfile.o
  LD      fs/cramfs/built-in.o
  CC      mm/dmapool.o
  CC      kernel/rcu/tree.o
  CC      fs/9p/vfs_file.o
  CC      block/bio.o
  CC      fs/9p/vfs_dir.o
  CC      fs/9p/vfs_dentry.o
  CC      fs/9p/v9fs.o
  CC      mm/slub.o
  CC      block/elevator.o
  LD      kernel/rcu/built-in.o
  CC      kernel/sched/core.o
  CC      fs/9p/fid.o
  CC      fs/9p/xattr.o
  CC      block/blk-core.o
  CC      fs/9p/xattr_user.o
  CC      fs/9p/xattr_trusted.o
  LD      fs/9p/9p.o
  LD      fs/9p/built-in.o
  CC      fs/debugfs/inode.o
  CC      fs/debugfs/file.o
  CC      mm/migrate.o
  CC      block/blk-tag.o
  LD      fs/debugfs/debugfs.o
  LD      fs/debugfs/built-in.o
  CC      fs/devpts/inode.o
  CC      block/blk-sysfs.o
  CC      kernel/sched/proc.o
  CC      mm/page_isolation.o
  LD      fs/devpts/devpts.o
  LD      fs/devpts/built-in.o
  LD      fs/exofs/built-in.o
  CC      fs/ext2/balloc.o
  CC      kernel/sched/clock.o
  CC      kernel/sched/cputime.o
  CC      mm/cma.o
  CC      block/blk-flush.o
  CC      kernel/sched/idle_task.o
  LD      mm/built-in.o
  CC      fs/ext2/dir.o
  CC      fs/ext2/file.o
  CC      block/blk-settings.o
  CC      kernel/sched/fair.o
  CC      kernel/sched/rt.o
  CC      block/blk-ioc.o
  CC      fs/ext2/ialloc.o
  CC      block/blk-map.o
  CC      fs/ext2/inode.o
  CC      block/blk-exec.o
  CC      fs/ext3/balloc.o
  CC      block/blk-merge.o
  CC      kernel/sched/deadline.o
  CC      fs/ext2/ioctl.o
  CC      fs/ext2/namei.o
  CC      block/blk-softirq.o
  CC      kernel/sched/stop_task.o
  CC      fs/ext3/bitmap.o
  CC      fs/ext2/super.o
  CC      kernel/sched/wait.o
  CC      block/blk-timeout.o
  CC      fs/ext3/dir.o
  CC      block/blk-iopoll.o
  CC      kernel/sched/completion.o
  CC      fs/ext3/file.o
  CC      kernel/sched/idle.o
  CC      fs/ext2/symlink.o
  CC      block/blk-lib.o
  CC      fs/ext3/fsync.o
  LD      fs/ext2/ext2.o
  LD      fs/ext2/built-in.o
  CC      kernel/sched/cpupri.o
  CC      block/blk-mq.o
  CC      kernel/sched/cpudeadline.o
  CC      fs/ext4/balloc.o
  CC      fs/ext3/ialloc.o
  LD      kernel/sched/built-in.o
  HZFILE  kernel/time/hz.bc
  CC      kernel/time/timer.o
  CC      fs/ext3/inode.o
  CC      fs/ext4/bitmap.o
  CC      kernel/time/hrtimer.o
  CC      block/blk-mq-tag.o
  CC      fs/ext4/dir.o
  CC      block/blk-mq-sysfs.o
  CC      kernel/time/itimer.o
  CC      fs/ext4/file.o
  CC      fs/ext3/ioctl.o
  CC      kernel/time/posix-timers.o
  CC      block/blk-mq-cpu.o
  CC      fs/ext3/namei.o
  CC      fs/ext4/fsync.o
  CC      block/blk-mq-cpumap.o
  CC      kernel/time/posix-cpu-timers.o
  CC      fs/ext4/ialloc.o
  CC      block/ioctl.o
  CC      block/genhd.o
  CC      kernel/time/timekeeping.o
  CC      fs/ext3/super.o
  CC      fs/ext4/inode.o
  CC      block/scsi_ioctl.o
  CC      kernel/time/ntp.o
  CC      fs/ext3/symlink.o
  CC      kernel/time/clocksource.o
  CC      block/partition-generic.o
  CC      fs/ext3/hash.o
  CC      kernel/time/jiffies.o
  CC      fs/ext3/resize.o
  CC      kernel/time/timer_list.o
  CC      block/ioprio.o
  CC      kernel/time/timeconv.o
  CC      block/partitions/check.o
  CC      fs/ext4/page-io.o
  CC      fs/ext3/ext3_jbd.o
  CC      kernel/time/posix-clock.o
  CC      block/partitions/msdos.o
  LD      fs/ext3/ext3.o
  LD      fs/ext3/built-in.o
  CC      block/partitions/efi.o
  CC      kernel/time/alarmtimer.o
  CC      fs/ext4/ioctl.o
  CC      fs/fat/cache.o
  LD      block/partitions/built-in.o
  CC      block/noop-iosched.o
  CC      kernel/time/clockevents.o
  CC      fs/fat/dir.o
  CC      fs/ext4/namei.o
  CC      block/blk-integrity.o
  CC      kernel/time/tick-common.o
  CC      kernel/time/tick-broadcast.o
  CC      block/bio-integrity.o
  CC      kernel/time/sched_clock.o
  LD      block/built-in.o
  CC      fs/fat/fatent.o
  CC      fs/fat/file.o
  CC      kernel/time/timekeeping_debug.o
  BC      kernel/time/timeconst.h
  CC      kernel/time/time.o
  CC      drivers/amba/bus.o
  CC      fs/ext4/super.o
  CC      fs/fat/inode.o
  LD      kernel/time/built-in.o
  CC      kernel/trace/trace_clock.o
  LD      drivers/amba/built-in.o
  CC      drivers/ata/libata-core.o
  CC      kernel/trace/ring_buffer.o
  CC      fs/fat/misc.o
  CC      fs/fat/nfs.o
  LD      kernel/trace/built-in.o
  CC      kernel/freezer.o
  CC      fs/fat/namei_vfat.o
  CC      kernel/profile.o
  CC      fs/ext4/symlink.o
  LD      fs/fat/fat.o
  LD      fs/fat/vfat.o
  LD      fs/fat/built-in.o
  CC      fs/ext4/hash.o
  CC      sound/sound_core.o
  CC      kernel/futex.o
  CC      drivers/ata/libata-scsi.o
  CC      sound/arm/aaci.o
  CC      fs/ext4/resize.o
  LD      sound/arm/snd-aaci.o
  LD      sound/arm/built-in.o
  LD      sound/atmel/built-in.o
  CC      sound/core/pcm.o
  CC      kernel/smp.o
  CC      fs/ext4/extents.o
  CC      drivers/ata/libata-eh.o
  CC      kernel/uid16.o
  CC      sound/core/pcm_native.o
  CC      kernel/kallsyms.o
  CC      kernel/cgroup.o
  CC      drivers/ata/libata-transport.o
  CC      sound/core/pcm_lib.o
  CC      fs/ext4/ext4_jbd2.o
  CC      drivers/ata/libata-sff.o
  CC      fs/ext4/migrate.o
  CC      kernel/cpuset.o
  CC      sound/core/pcm_timer.o
  CC      fs/ext4/mballoc.o
  CC      sound/core/pcm_misc.o
  LD      drivers/ata/libata.o
  LD      drivers/ata/built-in.o
  LD      drivers/auxdisplay/built-in.o
  CC      drivers/base/component.o
  CC      sound/core/pcm_memory.o
  CC      drivers/base/core.o
  GZIP    kernel/config_data.gz
  CC      kernel/stop_machine.o
  CC      sound/core/memalloc.o
  CC      sound/core/timer.o
  CC      kernel/hung_task.o
  CC      kernel/utsname_sysctl.o
  CC      drivers/base/bus.o
  CC      kernel/elfcore.o
  CC      kernel/irq_work.o
  CC      kernel/cpu_pm.o
  CC      drivers/base/dd.o
  CC      sound/core/sound.o
  CC      fs/ext4/block_validity.o
  CHK     kernel/config_data.h
  UPD     kernel/config_data.h
  CC      kernel/configs.o
  CC      drivers/base/syscore.o
  CC      sound/core/init.o
  LD      kernel/built-in.o
  CC      sound/core/memory.o
  CC      fs/ext4/move_extent.o
  LD      sound/drivers/mpu401/built-in.o
  LD      sound/drivers/opl3/built-in.o
  LD      sound/drivers/opl4/built-in.o
  CC      drivers/base/driver.o
  LD      sound/drivers/pcsp/built-in.o
  LD      sound/drivers/vx/built-in.o
  LD      sound/drivers/built-in.o
  CC      drivers/base/class.o
  CC      sound/core/info.o
  CC      sound/core/control.o
  CC      drivers/base/platform.o
  CC      fs/ext4/mmp.o
  CC      fs/ext4/indirect.o
  CC      drivers/base/cpu.o
  CC      sound/core/misc.o
  CC      sound/core/device.o
  CC      drivers/base/firmware.o
  CC      fs/jbd/transaction.o
  CC      drivers/base/init.o
  CC      sound/core/sound_oss.o
  CC      drivers/base/map.o
  CC      fs/ext4/extents_status.o
  CC      drivers/base/devres.o
  CC      sound/core/info_oss.o
  CC      sound/core/vmaster.o
  CC      drivers/base/attribute_container.o
  CC      fs/jbd/commit.o
  CC      fs/ext4/xattr.o
  CC      drivers/base/transport_class.o
  CC      sound/core/oss/mixer_oss.o
  CC      drivers/base/topology.o
  CC      fs/jbd/recovery.o
  CC      drivers/base/container.o
  CC      drivers/base/devtmpfs.o
  CC      sound/core/oss/pcm_oss.o
  CC      fs/jbd/checkpoint.o
  CC      fs/ext4/xattr_user.o
  CC      drivers/base/power/sysfs.o
  CC      drivers/base/power/generic_ops.o
  CC      fs/ext4/xattr_trusted.o
  CC      fs/jbd/revoke.o
  CC      drivers/base/power/common.o
  CC      drivers/base/power/qos.o
  CC      fs/ext4/inline.o
  CC      fs/jbd/journal.o
  CC      drivers/base/power/runtime.o
  CC      sound/core/oss/pcm_plugin.o
  CC      drivers/base/power/main.o
  LD      fs/jbd/jbd.o
  LD      fs/jbd/built-in.o
  CC      sound/core/oss/io.o
  LD      fs/ext4/ext4.o
  CC      fs/jbd2/transaction.o
  LD      fs/ext4/built-in.o
  CC      drivers/block/virtio_blk.o
  CC      sound/core/oss/copy.o
  CC      drivers/base/power/wakeup.o
  CC      sound/core/oss/linear.o
  LD      drivers/block/built-in.o
  CC      sound/core/oss/mulaw.o
  CC      fs/jbd2/commit.o
  CC      drivers/base/power/opp.o
  CC      drivers/base/power/clock_ops.o
  CC      sound/core/oss/route.o
  CC      sound/core/oss/rate.o
  LD      drivers/base/power/built-in.o
  CC      drivers/base/regmap/regmap.o
  CC      drivers/base/regmap/regcache.o
  LD      sound/core/oss/snd-mixer-oss.o
  LD      sound/core/oss/snd-pcm-oss.o
  CC      fs/jbd2/recovery.o
  LD      sound/core/oss/built-in.o
  LD      sound/core/snd.o
  LD      sound/core/snd-timer.o
  LD      sound/core/snd-pcm.o
  LD      sound/core/built-in.o
  LD      sound/firewire/built-in.o
  LD      sound/i2c/other/built-in.o
  LD      sound/i2c/built-in.o
  LD      sound/isa/ad1816a/built-in.o
  LD      sound/isa/ad1848/built-in.o
  LD      sound/isa/cs423x/built-in.o
  LD      sound/isa/es1688/built-in.o
  LD      sound/isa/galaxy/built-in.o
  LD      sound/isa/gus/built-in.o
  LD      sound/isa/msnd/built-in.o
  LD      sound/isa/opti9xx/built-in.o
  LD      sound/isa/sb/built-in.o
  LD      sound/isa/wavefront/built-in.o
  LD      sound/isa/wss/built-in.o
  LD      sound/isa/built-in.o
  LD      sound/mips/built-in.o
  LD      firmware/built-in.o
  LD      sound/parisc/built-in.o
  CC      drivers/base/regmap/regcache-rbtree.o
  CC      sound/pci/ac97/ac97_codec.o
  CC      sound/pci/ac97/ac97_pcm.o
  CC      fs/jbd2/checkpoint.o
  CC      drivers/base/regmap/regcache-lzo.o
  CC      drivers/base/regmap/regcache-flat.o
  CC      fs/jbd2/revoke.o
  CC      drivers/base/regmap/regmap-debugfs.o
  CC      fs/jffs2/compr.o
  CC      fs/jffs2/dir.o
  CC      drivers/base/regmap/regmap-mmio.o
  CC      fs/jbd2/journal.o
  LD      drivers/base/regmap/built-in.o
  CC      drivers/base/dma-mapping.o
  CC      fs/jffs2/file.o
  CC      drivers/base/dma-coherent.o
  CC      fs/jffs2/ioctl.o
  CC      drivers/base/firmware_class.o
  CC      fs/jffs2/nodelist.o
  CC      sound/pci/ac97/ac97_proc.o
  LD      fs/jbd2/jbd2.o
  LD      fs/jbd2/built-in.o
  CC      fs/kernfs/mount.o
  CC      fs/jffs2/malloc.o
  LD      drivers/base/built-in.o
  LD      sound/pci/ac97/snd-ac97-codec.o
  CC      drivers/bus/arm-cci.o
  LD      sound/pci/ac97/built-in.o
  LD      sound/pci/ali5451/built-in.o
  LD      sound/pci/asihpi/built-in.o
  LD      sound/pci/au88x0/built-in.o
  LD      sound/pci/aw2/built-in.o
  LD      sound/pci/ca0106/built-in.o
  LD      sound/pci/cs46xx/built-in.o
  LD      sound/pci/cs5535audio/built-in.o
  LD      sound/pci/ctxfi/built-in.o
  LD      sound/pci/echoaudio/built-in.o
  LD      sound/pci/emu10k1/built-in.o
  LD      sound/pci/hda/built-in.o
  LD      sound/pci/ice1712/built-in.o
  LD      sound/pci/korg1212/built-in.o
  LD      sound/pci/lola/built-in.o
  LD      sound/pci/lx6464es/built-in.o
  LD      sound/pci/mixart/built-in.o
  LD      sound/pci/nm256/built-in.o
  LD      sound/pci/oxygen/built-in.o
  LD      sound/pci/pcxhr/built-in.o
  LD      sound/pci/riptide/built-in.o
  CC      fs/kernfs/inode.o
  LD      sound/pci/rme9652/built-in.o
  LD      sound/pci/trident/built-in.o
  LD      sound/pci/vx222/built-in.o
  LD      sound/pci/ymfpci/built-in.o
  LD      sound/pci/built-in.o
  CC      fs/jffs2/read.o
  LD      sound/pcmcia/pdaudiocf/built-in.o
  LD      sound/pcmcia/vx/built-in.o
  LD      sound/pcmcia/built-in.o
  LD      sound/ppc/built-in.o
  LD      sound/sh/built-in.o
  LD      sound/soc/built-in.o
  LD      sound/sparc/built-in.o
  LD      sound/spi/built-in.o
  LD      sound/synth/built-in.o
  LD      sound/usb/6fire/built-in.o
  LD      sound/usb/bcd2000/built-in.o
  LD      sound/usb/caiaq/built-in.o
  LD      sound/usb/hiface/built-in.o
  LD      sound/usb/misc/built-in.o
  LD      sound/usb/usx2y/built-in.o
  LD      sound/usb/built-in.o
  CC      sound/ac97_bus.o
  CC      fs/kernfs/dir.o
  CC      drivers/bus/vexpress-config.o
  CC      fs/jffs2/nodemgmt.o
  CC      sound/last.o
  LD      drivers/bus/built-in.o
  LD      drivers/cdrom/built-in.o
  CC      drivers/char/mem.o
  LD      sound/soundcore.o
  LD      sound/built-in.o
  CC      fs/kernfs/file.o
  CC      fs/jffs2/readinode.o
  CC      fs/jffs2/write.o
  CC      drivers/char/random.o
  CC      fs/kernfs/symlink.o
  LD      fs/kernfs/built-in.o
  CC      arch/arm/oprofile/../../../drivers/oprofile/oprof.o
  CC      drivers/char/misc.o
  CC      fs/jffs2/scan.o
  CC      arch/arm/oprofile/../../../drivers/oprofile/cpu_buffer.o
  CC      arch/arm/oprofile/../../../drivers/oprofile/buffer_sync.o
  CC      drivers/char/virtio_console.o
  CC      drivers/clk/clk-devres.o
  CC      arch/arm/oprofile/../../../drivers/oprofile/event_buffer.o
  CC      fs/jffs2/gc.o
  CC      drivers/clk/clkdev.o
  CC      arch/arm/oprofile/../../../drivers/oprofile/oprofile_files.o
  CC      drivers/clk/clk.o
  CC      arch/arm/oprofile/../../../drivers/oprofile/oprofilefs.o
  LD      drivers/char/agp/built-in.o
  CC      drivers/char/hw_random/core.o
  CC      fs/jffs2/symlink.o
  CC      arch/arm/oprofile/../../../drivers/oprofile/oprofile_stats.o
  CC      fs/jffs2/build.o
  CC      drivers/char/hw_random/virtio-rng.o
  CC      arch/arm/oprofile/../../../drivers/oprofile/timer_int.o
  CC      arch/arm/oprofile/../../../drivers/oprofile/oprofile_perf.o
  CC      fs/jffs2/erase.o
  LD      drivers/char/hw_random/rng-core.o
  LD      drivers/char/hw_random/built-in.o
  LD      drivers/char/built-in.o
  CC      drivers/clk/clk-divider.o
  CC      fs/lockd/clntlock.o
  CC      arch/arm/oprofile/common.o
  CC      drivers/clk/clk-fixed-factor.o
  CC      fs/jffs2/background.o
  CC      drivers/clk/clk-fixed-rate.o
  LD      arch/arm/oprofile/oprofile.o
  LD      arch/arm/oprofile/built-in.o
  CC      fs/jffs2/fs.o
  CC      drivers/clk/clk-gate.o
  CC      fs/lockd/clntproc.o
  CC      fs/lockd/clntxdr.o
  CC      drivers/clk/clk-mux.o
  CC      drivers/clk/clk-composite.o
  CC      fs/jffs2/writev.o
  CC      fs/jffs2/super.o
  CC      drivers/clk/clk-fractional-divider.o
  CC      drivers/clocksource/clksrc-of.o
  CC      drivers/clocksource/mmio.o
  CC      fs/lockd/host.o
  CC      drivers/clk/clk-conf.o
  CC      drivers/clocksource/arm_arch_timer.o
  CC      fs/jffs2/debug.o
  CC      drivers/clk/versatile/clk-icst.o
  CC      drivers/clk/versatile/clk-versatile.o
  CC      fs/jffs2/wbuf.o
  CC      drivers/clk/versatile/clk-vexpress.o
  CC      drivers/clocksource/arm_global_timer.o
  CC      fs/lockd/svc.o
  CC      drivers/clk/versatile/clk-sp810.o
  CC      drivers/clocksource/dummy_timer.o
  CC      drivers/clk/versatile/clk-vexpress-osc.o
  CC      drivers/clocksource/versatile.o
  LD      drivers/clk/versatile/built-in.o
  LD      drivers/clk/built-in.o
  CC      fs/lockd/svclock.o
  CC      fs/jffs2/compr_rtime.o
  LD      drivers/clocksource/built-in.o
  CC      drivers/cpuidle/cpuidle.o
  CC      drivers/cpuidle/driver.o
  CC      fs/jffs2/compr_zlib.o
  CC      fs/nfs/client.o
  CC      drivers/cpuidle/governor.o
  LD      fs/jffs2/jffs2.o
  LD      fs/jffs2/built-in.o
  CC      drivers/cpuidle/sysfs.o
  CC      fs/nfs/dir.o
  CC      fs/lockd/svcshare.o
  CC      drivers/cpuidle/governors/ladder.o
  CC      drivers/cpuidle/governors/menu.o
  CC      fs/lockd/svcproc.o
  LD      drivers/cpuidle/governors/built-in.o
  LD      drivers/cpuidle/built-in.o
  LD      drivers/crypto/built-in.o
  LD      drivers/firewire/built-in.o
  LD      drivers/firmware/built-in.o
  CC      drivers/gpio/devres.o
  LD      drivers/gpu/drm/bridge/built-in.o
  LD      drivers/gpu/drm/i2c/built-in.o
  LD      drivers/gpu/drm/panel/built-in.o
  LD      drivers/gpu/drm/built-in.o
  LD      drivers/gpu/vga/built-in.o
  LD      drivers/gpu/built-in.o
  CC      drivers/hid/hid-lg.o
  CC      drivers/gpio/gpiolib.o
  CC      fs/lockd/svcsubs.o
  CC      fs/nfs/file.o
  CC      drivers/hid/hid-debug.o
  CC      drivers/gpio/gpiolib-legacy.o
  CC      fs/lockd/mon.o
  CC      drivers/hid/hid-core.o
  CC      drivers/gpio/gpiolib-of.o
  CC      fs/nfs/getroot.o
  CC      drivers/gpio/gpio-generic.o
  CC      fs/lockd/xdr.o
  LD      drivers/gpio/built-in.o
  CC      fs/lockd/grace.o
  CC      fs/nfs/inode.o
  CC      drivers/hid/hid-input.o
  CC      drivers/hid/hid-generic.o
  CC      fs/lockd/clnt4xdr.o
  CC      fs/lockd/xdr4.o
  CC      fs/nfs/super.o
  CC      fs/lockd/svc4proc.o
  LD      fs/nfs_common/built-in.o
  CC      fs/nls/nls_base.o
  CC      drivers/hid/hid-a4tech.o
  CC      fs/nls/nls_cp437.o
  CC      drivers/hid/hid-apple.o
  CC      fs/nls/nls_iso8859-1.o
  LD      fs/lockd/lockd.o
  LD      fs/nls/built-in.o
  CC      drivers/hid/hid-belkin.o
  LD      fs/lockd/built-in.o
  CC      fs/notify/fsnotify.o
  CC      fs/notify/notification.o
  CC      drivers/hid/hid-cherry.o
  CC      fs/nfs/direct.o
  CC      fs/notify/group.o
  CC      fs/nfs/pagelist.o
  CC      drivers/hid/hid-chicony.o
  CC      fs/notify/inode_mark.o
  CC      drivers/hid/hid-cypress.o
  CC      drivers/hid/hid-dr.o
  CC      fs/notify/mark.o
  CC      drivers/hid/hid-ezkey.o
  CC      drivers/hid/hid-gyration.o
  CC      fs/nfs/read.o
  CC      fs/nfs/symlink.o
  CC      drivers/hid/hid-kensington.o
  CC      fs/notify/vfsmount_mark.o
  LD      drivers/hid/hid-logitech.o
  CC      drivers/hid/hid-microsoft.o
  CC      fs/notify/fdinfo.o
  CC      fs/notify/dnotify/dnotify.o
  CC      drivers/hid/hid-monterey.o
  CC      drivers/hid/hid-ntrig.o
  CC      fs/nfs/unlink.o
  LD      fs/notify/fanotify/built-in.o
  CC      fs/nfs/write.o
  LD      fs/notify/dnotify/built-in.o
  CC      fs/notify/inotify/inotify_fsnotify.o
  CC      drivers/hid/hid-pl.o
  CC      fs/notify/inotify/inotify_user.o
  CC      drivers/hid/hid-petalynx.o
  CC      drivers/hid/hid-samsung.o
  CC      fs/nfs/namespace.o
  LD      fs/notify/inotify/built-in.o
  LD      fs/notify/built-in.o
  CC      fs/nfs/mount_clnt.o
  CC      drivers/hid/hid-sjoy.o
  CC      drivers/hid/hid-sony.o
  CC      drivers/hid/hid-sunplus.o
  CC      drivers/hid/hid-gaff.o
  CC      fs/nfs/nfstrace.o
  CC      net/socket.o
  LD      net/802/built-in.o
  LD      arch/arm/lib/built-in.o
  AS      arch/arm/lib/ashldi3.o
  AS      arch/arm/lib/ashrdi3.o
  AS      arch/arm/lib/backtrace.o
  CC      drivers/hid/hid-tmff.o
  AS      arch/arm/lib/bswapsdi2.o
  AS      arch/arm/lib/call_with_stack.o
  AS      arch/arm/lib/changebit.o
  AS      arch/arm/lib/clear_user.o
  AS      arch/arm/lib/clearbit.o
  AS      arch/arm/lib/copy_from_user.o
  AS      arch/arm/lib/copy_page.o
  AS      arch/arm/lib/copy_to_user.o
  AS      arch/arm/lib/csumipv6.o
  CC      fs/nfs/nfsroot.o
  CC      drivers/hid/hid-topseed.o
  AS      arch/arm/lib/csumpartial.o
  AS      arch/arm/lib/csumpartialcopy.o
  AS      arch/arm/lib/csumpartialcopyuser.o
  AS      arch/arm/lib/delay-loop.o
  CC      arch/arm/lib/delay.o
  CC      drivers/hid/hid-twinhan.o
  AS      arch/arm/lib/div64.o
  AS      arch/arm/lib/findbit.o
  AS      arch/arm/lib/getuser.o
  AS      arch/arm/lib/io-readsb.o
  AS      arch/arm/lib/io-readsl.o
  AS      arch/arm/lib/io-readsw-armv4.o
  AS      arch/arm/lib/io-writesb.o
  AS      arch/arm/lib/io-writesl.o
  AS      arch/arm/lib/io-writesw-armv4.o
  AS      arch/arm/lib/lib1funcs.o
  AS      arch/arm/lib/lshrdi3.o
  AS      arch/arm/lib/memchr.o
  CC      drivers/hid/hid-zpff.o
  AS      arch/arm/lib/memcpy.o
  CC      fs/nfs/sysctl.o
  AS      arch/arm/lib/memmove.o
  AS      arch/arm/lib/memset.o
  AS      arch/arm/lib/memzero.o
  AS      arch/arm/lib/muldi3.o
  AS      arch/arm/lib/putuser.o
  AS      arch/arm/lib/setbit.o
  AS      arch/arm/lib/strchr.o
  AS      arch/arm/lib/strrchr.o
  AS      arch/arm/lib/testchangebit.o
  CC      drivers/hid/usbhid/hid-core.o
  AS      arch/arm/lib/testclearbit.o
  AS      arch/arm/lib/testsetbit.o
  AS      arch/arm/lib/ucmpdi2.o
  AR      arch/arm/lib/lib.a
  CC      fs/nfs/nfs2super.o
  CC      net/9p/mod.o
  CC      net/9p/client.o
  CC      net/9p/error.o
  CC      fs/nfs/proc.o
  CC      fs/nfs/nfs2xdr.o
  CC      drivers/hid/usbhid/hid-quirks.o
  CC      net/9p/util.o
  LD      drivers/hid/usbhid/usbhid.o
  LD      drivers/hid/usbhid/built-in.o
  LD      drivers/hid/hid.o
  LD      drivers/hid/built-in.o
  LD      drivers/hsi/clients/built-in.o
  LD      drivers/hsi/controllers/built-in.o
  LD      drivers/hsi/built-in.o
  CC      drivers/hwmon/hwmon.o
  CC      drivers/hwmon/vexpress.o
  CC      fs/nfs/nfs3super.o
  CC      net/9p/protocol.o
  CC      fs/proc/task_mmu.o
  LD      drivers/hwmon/built-in.o
  CC      drivers/i2c/i2c-boardinfo.o
  CC      net/9p/trans_fd.o
  CC      fs/nfs/nfs3client.o
  CC      drivers/i2c/i2c-core.o
  CC      fs/proc/inode.o
  CC      fs/nfs/nfs3proc.o
  CC      net/9p/trans_common.o
  CC      fs/proc/root.o
  CC      net/9p/trans_virtio.o
  CC      drivers/i2c/algos/i2c-algo-bit.o
  CC      fs/proc/base.o
  CC      fs/nfs/nfs3xdr.o
  LD      drivers/i2c/algos/built-in.o
  CC      drivers/i2c/busses/i2c-versatile.o
  LD      net/9p/9pnet.o
  LD      net/9p/9pnet_virtio.o
  LD      net/9p/built-in.o
  CC      net/core/sock.o
  LD      drivers/i2c/busses/built-in.o
  LD      drivers/i2c/muxes/built-in.o
  LD      drivers/i2c/built-in.o
  LD      drivers/idle/built-in.o
  CC      drivers/input/input.o
  CC      fs/proc/generic.o
  LD      fs/nfs/nfs.o
  LD      fs/nfs/nfsv2.o
  LD      fs/nfs/nfsv3.o
  LD      fs/nfs/built-in.o
  CC      fs/proc/array.o
  LD      fs/quota/built-in.o
  CC      drivers/input/input-compat.o
  CC      fs/proc/fd.o
  CC      drivers/input/input-mt.o
  CC      drivers/input/ff-core.o
  CC      fs/proc/proc_tty.o
  CC      net/core/request_sock.o
  CC      fs/proc/cmdline.o
  CC      drivers/input/mousedev.o
  CC      drivers/input/evdev.o
  CC      fs/proc/consoles.o
  CC      fs/proc/cpuinfo.o
  CC      net/core/skbuff.o
  CC      fs/proc/devices.o
  CC      fs/ramfs/inode.o
  CC      fs/proc/interrupts.o
  CC      drivers/input/keyboard/atkbd.o
  CC      fs/proc/loadavg.o
  CC      fs/ramfs/file-mmu.o
  CC      fs/proc/meminfo.o
  LD      fs/ramfs/ramfs.o
  LD      fs/ramfs/built-in.o
  CC      fs/proc/stat.o
  LD      drivers/input/keyboard/built-in.o
  CC      fs/squashfs/block.o
  CC      drivers/input/mouse/psmouse-base.o
  CC      fs/proc/uptime.o
  CC      fs/proc/version.o
  CC      fs/squashfs/cache.o
  CC      fs/proc/softirqs.o
  CC      fs/proc/namespaces.o
  CC      drivers/input/mouse/synaptics.o
  CC      fs/squashfs/dir.o
  CC      net/core/iovec.o
  CC      fs/squashfs/export.o
  CC      fs/proc/self.o
  CC      fs/squashfs/file.o
  CC      fs/proc/thread_self.o
  CC      drivers/input/mouse/alps.o
  CC      net/core/datagram.o
  CC      fs/squashfs/fragment.o
  CC      fs/proc/proc_sysctl.o
  CC      fs/squashfs/id.o
  CC      fs/squashfs/inode.o
  CC      net/core/stream.o
  CC      fs/squashfs/namei.o
  CC      drivers/input/mouse/logips2pp.o
  CC      fs/squashfs/super.o
  CC      fs/proc/proc_net.o
  CC      drivers/input/mouse/trackpoint.o
  CC      net/core/scm.o
  CC      fs/squashfs/symlink.o
  CC      fs/proc/kmsg.o
  CC      drivers/input/mouse/cypress_ps2.o
  CC      fs/proc/page.o
  CC      fs/squashfs/decompressor.o
  CC      net/core/gen_stats.o
  LD      drivers/input/mouse/psmouse.o
  LD      drivers/input/mouse/built-in.o
  LD      fs/proc/proc.o
  LD      drivers/input/input-core.o
  LD      drivers/input/built-in.o
  LD      fs/proc/built-in.o
  CC      drivers/input/serio/serio.o
  CC      drivers/iommu/of_iommu.o
  CC      fs/squashfs/file_cache.o
  LD      drivers/iommu/built-in.o
  CC      net/ethernet/eth.o
  CC      fs/squashfs/decompressor_single.o
  CC      net/core/gen_estimator.o
  CC      drivers/input/serio/ambakmi.o
  CC      fs/squashfs/lzo_wrapper.o
  CC      drivers/input/serio/libps2.o
  LD      net/ethernet/built-in.o
  CC      fs/squashfs/zlib_wrapper.o
  CC      net/core/net_namespace.o
  CC      net/core/secure_seq.o
  LD      fs/squashfs/squashfs.o
  CC      net/ipv4/route.o
  LD      fs/squashfs/built-in.o
  CC      fs/sysfs/file.o
  LD      drivers/input/serio/built-in.o
  CC      drivers/irqchip/irqchip.o
  CC      drivers/irqchip/irq-gic.o
  CC      net/core/flow_dissector.o
  CC      fs/sysfs/dir.o
  CC      fs/sysfs/symlink.o
  CC      drivers/irqchip/irq-gic-common.o
  CC      fs/sysfs/mount.o
  LD      drivers/irqchip/built-in.o
  CC      drivers/leds/led-core.o
  CC      net/core/sysctl_net_core.o
  CC      fs/sysfs/group.o
  CC      drivers/leds/led-class.o
  LD      fs/sysfs/built-in.o
  CC      fs/ubifs/shrinker.o
  CC      drivers/leds/led-triggers.o
  CC      net/ipv4/inetpeer.o
  CC      net/core/dev.o
  CC      drivers/leds/leds-gpio.o
  CC      fs/ubifs/journal.o
  CC      drivers/leds/trigger/ledtrig-heartbeat.o
  CC      net/ipv4/protocol.o
  CC      drivers/leds/trigger/ledtrig-cpu.o
  LD      drivers/leds/trigger/built-in.o
  LD      drivers/leds/built-in.o
  LD      drivers/lguest/built-in.o
  LD      drivers/macintosh/built-in.o
  LD      drivers/media/common/b2c2/built-in.o
  LD      drivers/media/common/saa7146/built-in.o
  LD      drivers/media/common/siano/built-in.o
  LD      drivers/media/common/built-in.o
  LD      drivers/media/firewire/built-in.o
  LD      drivers/media/i2c/soc_camera/built-in.o
  LD      drivers/media/i2c/built-in.o
  LD      drivers/media/mmc/siano/built-in.o
  CC      fs/ubifs/file.o
  LD      drivers/media/mmc/built-in.o
  LD      drivers/media/parport/built-in.o
  LD      drivers/media/pci/b2c2/built-in.o
  LD      drivers/media/pci/ddbridge/built-in.o
  CC      net/ipv4/ip_input.o
  LD      drivers/media/pci/dm1105/built-in.o
  LD      drivers/media/pci/mantis/built-in.o
  LD      drivers/media/pci/ngene/built-in.o
  LD      drivers/media/pci/pluto2/built-in.o
  LD      drivers/media/pci/pt1/built-in.o
  LD      drivers/media/pci/saa7146/built-in.o
  LD      drivers/media/pci/ttpci/built-in.o
  LD      drivers/media/pci/built-in.o
  LD      drivers/media/platform/davinci/built-in.o
  LD      drivers/media/platform/built-in.o
  LD      drivers/media/rc/keymaps/built-in.o
  LD      drivers/media/rc/built-in.o
  LD      drivers/media/tuners/built-in.o
  LD      drivers/media/usb/b2c2/built-in.o
  LD      drivers/media/usb/dvb-usb/built-in.o
  LD      drivers/media/usb/dvb-usb-v2/built-in.o
  LD      drivers/media/usb/s2255/built-in.o
  LD      drivers/media/usb/siano/built-in.o
  LD      drivers/media/usb/stkwebcam/built-in.o
  LD      drivers/media/usb/ttusb-budget/built-in.o
  LD      drivers/media/usb/ttusb-dec/built-in.o
  LD      drivers/media/usb/zr364xx/built-in.o
  LD      drivers/media/usb/built-in.o
  LD      drivers/media/built-in.o
  CC      drivers/mfd/mfd-core.o
  CC      drivers/mfd/syscon.o
  CC      net/ipv4/ip_fragment.o
  CC      drivers/mfd/vexpress-sysreg.o
  CC      fs/ubifs/dir.o
  LD      drivers/mfd/built-in.o
  LD      drivers/misc/carma/built-in.o
  LD      drivers/misc/cb710/built-in.o
  LD      drivers/misc/eeprom/built-in.o
  LD      drivers/misc/lis3lv02d/built-in.o
  LD      drivers/misc/mic/built-in.o
  LD      drivers/misc/ti-st/built-in.o
  CC      drivers/misc/vexpress-syscfg.o
  LD      drivers/misc/built-in.o
  CC      drivers/mmc/card/block.o
  CC      net/ipv4/ip_forward.o
  CC      fs/ubifs/super.o
  CC      net/core/ethtool.o
  CC      net/ipv4/ip_options.o
  CC      drivers/mmc/card/queue.o
  CC      fs/ubifs/sb.o
  CC      net/ipv4/ip_output.o
  LD      drivers/mmc/card/mmc_block.o
  CC      fs/ubifs/io.o
  LD      drivers/mmc/card/built-in.o
  CC      drivers/mmc/core/core.o
  CC      net/core/dev_addr_lists.o
  CC      net/core/dst.o
  CC      fs/ubifs/tnc.o
  CC      drivers/mmc/core/bus.o
  CC      net/ipv4/ip_sockglue.o
  CC      net/core/netevent.o
  CC      drivers/mmc/core/host.o
  CC      net/core/neighbour.o
  CC      drivers/mmc/core/mmc.o
  CC      net/ipv4/inet_hashtables.o
  CC      fs/ubifs/master.o
  CC      drivers/mmc/core/mmc_ops.o
  CC      fs/ubifs/scan.o
  CC      net/ipv4/inet_timewait_sock.o
  CC      fs/ubifs/replay.o
  CC      drivers/mmc/core/sd.o
  CC      net/core/rtnetlink.o
  CC      net/ipv4/inet_connection_sock.o
  CC      fs/ubifs/log.o
  CC      drivers/mmc/core/sd_ops.o
  CC      drivers/mmc/core/sdio.o
  CC      fs/ubifs/commit.o
  CC      net/ipv4/tcp.o
  CC      drivers/mmc/core/sdio_ops.o
  CC      fs/ubifs/gc.o
  CC      net/core/utils.o
  CC      drivers/mmc/core/sdio_bus.o
  CC      drivers/mmc/core/sdio_cis.o
  CC      fs/ubifs/orphan.o
  CC      net/core/link_watch.o
  CC      drivers/mmc/core/sdio_io.o
  CC      drivers/mmc/core/sdio_irq.o
  CC      net/core/filter.o
  CC      fs/ubifs/budget.o
  CC      net/ipv4/tcp_input.o
  CC      drivers/mmc/core/quirks.o
  CC      drivers/mmc/core/slot-gpio.o
  CC      fs/ubifs/find.o
  CC      drivers/mmc/core/debugfs.o
  CC      net/core/sock_diag.o
  LD      drivers/mmc/core/mmc_core.o
  LD      drivers/mmc/core/built-in.o
  CC      drivers/mmc/host/mmci.o
  CC      fs/ubifs/tnc_commit.o
  CC      net/core/dev_ioctl.o
  CC      fs/ubifs/compress.o
  LD      drivers/mmc/host/built-in.o
  CC      net/core/tso.o
  LD      drivers/mmc/built-in.o
  CC      drivers/mtd/mtdcore.o
  CC      fs/ubifs/lpt.o
  CC      net/core/flow.o
  CC      drivers/mtd/mtdsuper.o
  CC      net/ipv4/tcp_output.o
  CC      drivers/mtd/mtdconcat.o
  CC      net/core/net-sysfs.o
  CC      fs/ubifs/lprops.o
  CC      drivers/mtd/mtdpart.o
  CC      net/core/net-procfs.o
  CC      drivers/mtd/mtdchar.o
  CC      fs/ubifs/recovery.o
  LD      net/core/built-in.o
  CC      drivers/mtd/ofpart.o
  CC      net/ipv4/tcp_timer.o
  CC      net/ipv4/tcp_ipv4.o
  CC      drivers/mtd/cmdlinepart.o
  CC      fs/ubifs/ioctl.o
  CC      drivers/mtd/mtd_blkdevs.o
  CC      fs/ubifs/lpt_commit.o
  CC      drivers/mtd/mtdblock.o
  CC      net/ipv6/addrconf_core.o
  CC      drivers/mtd/chips/chipreg.o
  CC      drivers/mtd/chips/cfi_probe.o
  CC      net/ipv4/tcp_minisocks.o
  CC      net/ipv6/exthdrs_core.o
  CC      drivers/mtd/chips/cfi_util.o
  CC      fs/ubifs/tnc_misc.o
  CC      net/ipv6/ip6_checksum.o
  CC      net/ipv4/tcp_cong.o
  CC      drivers/mtd/chips/cfi_cmdset_0002.o
  CC      fs/ubifs/xattr.o
  CC      net/ipv6/ip6_icmp.o
  CC      fs/ubifs/debug.o
  CC      net/ipv4/tcp_metrics.o
  CC      net/ipv6/output_core.o
  CC      net/ipv6/protocol.o
  CC      net/ipv4/tcp_fastopen.o
  CC      net/ipv6/ip6_offload.o
  LD      fs/ubifs/ubifs.o
  LD      fs/ubifs/built-in.o
  CC      fs/eventpoll.o
  CC      net/ipv4/tcp_offload.o
  CC      net/ipv6/tcpv6_offload.o
  CC      drivers/mtd/chips/cfi_cmdset_0001.o
  CC      fs/anon_inodes.o
  CC      net/ipv6/udp_offload.o
  CC      net/ipv4/datagram.o
  CC      fs/signalfd.o
  CC      net/ipv6/exthdrs_offload.o
  CC      net/ipv4/raw.o
  CC      fs/timerfd.o
  LD      net/ipv6/built-in.o
  CC      fs/eventfd.o
  CC      lib/lockref.o
  CC      fs/aio.o
  CC      lib/bcd.o
  CC      drivers/mtd/chips/gen_probe.o
  CC      lib/div64.o
  CC      net/ipv4/udp.o
  CC      lib/sort.o
  CC      drivers/mtd/chips/map_ram.o
  CC      lib/parser.o
  LD      drivers/mtd/chips/built-in.o
  LD      drivers/mtd/devices/built-in.o
  LD      drivers/mtd/lpddr/built-in.o
  CC      lib/halfmd4.o
  CC      drivers/mtd/maps/physmap.o
  CC      lib/debug_locks.o
  CC      lib/random32.o
  CC      drivers/mtd/maps/physmap_of.o
  CC      lib/bust_spinlocks.o
  CC      fs/locks.o
  CC      drivers/mtd/maps/plat-ram.o
  CC      lib/hexdump.o
  LD      drivers/mtd/maps/built-in.o
  LD      drivers/mtd/nand/built-in.o
  LD      drivers/mtd/onenand/built-in.o
  LD      drivers/mtd/tests/built-in.o
  CC      drivers/mtd/ubi/vtbl.o
  CC      lib/kasprintf.o
  CC      lib/bitmap.o
  CC      net/ipv4/udplite.o
  CC      drivers/mtd/ubi/vmt.o
  CC      lib/scatterlist.o
  CC      fs/binfmt_script.o
  CC      net/ipv4/udp_offload.o
  CC      fs/binfmt_elf.o
  CC      lib/gcd.o
  CC      lib/lcm.o
  CC      drivers/mtd/ubi/upd.o
  CC      lib/list_sort.o
  CC      lib/uuid.o
  CC      lib/flex_array.o
  CC      net/ipv4/arp.o
  CC      drivers/mtd/ubi/build.o
  CC      lib/iovec.o
  CC      lib/clz_ctz.o
  CC      lib/bsearch.o
  CC      lib/find_last_bit.o
  CC      lib/find_next_bit.o
  CC      fs/mbcache.o
  CC      lib/llist.o
  CC      lib/memweight.o
  CC      lib/kfifo.o
  CC      drivers/mtd/ubi/cdev.o
  CC      net/ipv4/icmp.o
  CC      fs/coredump.o
  CC      lib/percpu-refcount.o
  CC      lib/percpu_ida.o
  CC      drivers/mtd/ubi/kapi.o
  CC      lib/hash.o
  CC      fs/drop_caches.o
  CC      net/ipv4/devinet.o
  CC      lib/rhashtable.o
  CC      drivers/mtd/ubi/eba.o
  CC      fs/dcookies.o
  CC      lib/string_helpers.o
  CC      lib/kstrtox.o
  LD      fs/built-in.o
  CC      lib/pci_iomap.o
  CC      drivers/mtd/ubi/io.o
  CC      net/ipv4/af_inet.o
  CC      lib/iomap_copy.o
  CC      lib/devres.o
  CC      drivers/net/mii.o
  CC      lib/hweight.o
  CC      lib/bitrev.o
  CC      drivers/mtd/ubi/wl.o
  CC      lib/crc16.o
  CC      lib/crc-t10dif.o
  CC      drivers/net/Space.o
  HOSTCC  lib/gen_crc32table
  CC      net/ipv4/igmp.o
  CC      lib/fonts/fonts.o
  CC      lib/fonts/font_8x8.o
  CC      drivers/net/loopback.o
  CC      lib/fonts/font_8x16.o
  LD      lib/fonts/font.o
  LD      lib/fonts/built-in.o
  CC      lib/lz4/lz4_decompress.o
  CC      drivers/mtd/ubi/attach.o
  LD      lib/lz4/built-in.o
  CC      lib/lzo/lzo1x_compress.o
  LD      drivers/net/ethernet/8390/built-in.o
  LD      drivers/net/ethernet/arc/built-in.o
  LD      drivers/net/ethernet/broadcom/built-in.o
  LD      drivers/net/ethernet/cadence/built-in.o
  LD      drivers/net/ethernet/cirrus/built-in.o
  LD      drivers/net/ethernet/faraday/built-in.o
  LD      drivers/net/ethernet/hisilicon/built-in.o
  LD      drivers/net/ethernet/i825xx/built-in.o
  LD      drivers/net/ethernet/intel/built-in.o
  LD      drivers/net/ethernet/marvell/built-in.o
  LD      drivers/net/ethernet/micrel/built-in.o
  LD      drivers/net/ethernet/natsemi/built-in.o
  LD      drivers/net/ethernet/samsung/built-in.o
  LD      drivers/net/ethernet/seeq/built-in.o
  CC      lib/lzo/lzo1x_decompress_safe.o
  CC      drivers/net/ethernet/smsc/smc91x.o
  CC      net/ipv4/fib_frontend.o
  LD      lib/lzo/lzo_compress.o
  LD      lib/lzo/lzo_decompress.o
  LD      lib/lzo/built-in.o
  CC      lib/xz/xz_dec_syms.o
  CC      drivers/mtd/ubi/misc.o
  CC      lib/xz/xz_dec_stream.o
  CC      drivers/mtd/ubi/debug.o
  CC      lib/xz/xz_dec_lzma2.o
  LD      drivers/mtd/ubi/ubi.o
  LD      drivers/mtd/ubi/built-in.o
  CC      net/ipv4/fib_semantics.o
  LD      drivers/mtd/mtd.o
  LD      drivers/mtd/built-in.o
  CC      lib/xz/xz_dec_bcj.o
  CC      net/netlink/af_netlink.o
  LD      lib/xz/xz_dec.o
  LD      lib/xz/built-in.o
  CC      lib/zlib_deflate/deflate.o
  CC      drivers/net/ethernet/smsc/smsc911x.o
  CC      lib/zlib_deflate/deftree.o
  CC      net/ipv4/fib_trie.o
  CC      lib/zlib_deflate/deflate_syms.o
  CC      net/netlink/genetlink.o
  LD      lib/zlib_deflate/zlib_deflate.o
  LD      lib/zlib_deflate/built-in.o
  CC      lib/zlib_inflate/inffast.o
  LD      drivers/net/ethernet/smsc/built-in.o
  LD      drivers/net/ethernet/stmicro/built-in.o
  LD      drivers/net/ethernet/via/built-in.o
  LD      drivers/net/ethernet/wiznet/built-in.o
  CC      lib/zlib_inflate/inflate.o
  LD      drivers/net/ethernet/built-in.o
  CC      drivers/net/phy/phy.o
  CC      net/ipv4/inet_fragment.o
  CC      lib/zlib_inflate/infutil.o
  LD      net/netlink/built-in.o
  CC      lib/zlib_inflate/inftrees.o
  CC      net/ipv4/ping.o
  CC      drivers/net/phy/phy_device.o
  CC      lib/zlib_inflate/inflate_syms.o
  LD      lib/zlib_inflate/zlib_inflate.o
  LD      lib/zlib_inflate/built-in.o
  CC      lib/percpu_counter.o
  CC      net/packet/af_packet.o
  CC      lib/swiotlb.o
  CC      drivers/net/phy/mdio_bus.o
  CC      net/ipv4/ip_tunnel_core.o
  CC      lib/iommu-helper.o
  CC      lib/syscall.o
  LD      drivers/net/phy/libphy.o
  LD      drivers/net/phy/built-in.o
  LD      drivers/net/usb/built-in.o
  CC      drivers/net/virtio_net.o
  CC      net/ipv4/gre_offload.o
  CC      lib/nlattr.o
  CC      net/ipv4/sysctl_net_ipv4.o
  CC      lib/average.o
  CC      lib/cpu_rmap.o
  LD      net/packet/built-in.o
  CC      lib/dynamic_queue_limits.o
  CC      net/ipv4/proc.o
  CC      lib/glob.o
  CC      net/sched/sch_generic.o
  CC      lib/strncpy_from_user.o
  LD      drivers/net/built-in.o
  LD      drivers/nfc/built-in.o
  CC      drivers/of/base.o
  CC      lib/strnlen_user.o
  CC      lib/net_utils.o
  CC      net/ipv4/xfrm4_mode_beet.o
  CC      lib/argv_split.o
  CC      net/sched/sch_mq.o
  CC      lib/bug.o
  CC      net/ipv4/xfrm4_mode_transport.o
  CC      drivers/of/device.o
  CC      lib/cmdline.o
  CC      lib/cpumask.o
  CC      drivers/of/platform.o
  CC      lib/ctype.o
  LD      net/sched/built-in.o
  CC      lib/dec_and_lock.o
  CC      net/ipv4/xfrm4_mode_tunnel.o
  CC      lib/decompress.o
  CC      lib/decompress_bunzip2.o
  LD      drivers/pinctrl/nomadik/built-in.o
  LD      drivers/pinctrl/built-in.o
  DTC     arch/arm/boot/dts/vexpress-v2p-ca5s.dtb
  DTC     arch/arm/boot/dts/vexpress-v2p-ca9.dtb
  DTC     arch/arm/boot/dts/vexpress-v2p-ca15-tc1.dtb
  DTC     arch/arm/boot/dts/vexpress-v2p-ca15_a7.dtb
  CC      lib/decompress_inflate.o
  CC      drivers/of/fdt.o
  CC      drivers/of/fdt_address.o
  CC      lib/decompress_unlz4.o
  CC      net/ipv4/ipconfig.o
  CC      net/sunrpc/clnt.o
  CC      lib/decompress_unlzma.o
  CC      drivers/of/address.o
  CC      lib/decompress_unlzo.o
  CC      drivers/of/irq.o
  CC      lib/decompress_unxz.o
  CC      net/ipv4/inet_diag.o
  CC      lib/dump_stack.o
  CC      drivers/of/of_net.o
  CC      net/sunrpc/xprt.o
  CC      lib/earlycpio.o
  CC      lib/extable.o
  CC      lib/fdt.o
  CC      drivers/of/of_mdio.o
  CC      lib/fdt_empty_tree.o
  CC      lib/fdt_ro.o
  CC      net/ipv4/tcp_diag.o
  CC      lib/fdt_rw.o
  CC      drivers/of/of_mtd.o
  CC      net/sunrpc/socklib.o
  CC      lib/fdt_strerror.o
  CC      drivers/of/of_reserved_mem.o
  CC      lib/fdt_sw.o
  CC      lib/fdt_wip.o
  CC      net/ipv4/tcp_cubic.o
  CC      lib/flex_proportions.o
  LD      drivers/of/built-in.o
  LD      drivers/platform/built-in.o
  CC      drivers/power/power_supply_core.o
  CC      net/sunrpc/xprtsock.o
  CC      lib/idr.o
  CC      drivers/power/power_supply_sysfs.o
  CC      net/ipv4/xfrm4_policy.o
  CC      drivers/power/power_supply_leds.o
  CC      lib/int_sqrt.o
  CC      lib/ioremap.o
  CC      drivers/power/reset/vexpress-poweroff.o
  CC      lib/irq_regs.o
  LD      drivers/power/reset/built-in.o
  LD      drivers/power/power_supply.o
  LD      drivers/power/built-in.o
  LD      drivers/pwm/built-in.o
  CC      drivers/regulator/core.o
  CC      lib/is_single_threaded.o
  CC      net/ipv4/xfrm4_state.o
  CC      lib/klist.o
  CC      net/sunrpc/sched.o
  CC      lib/kobject.o
  CC      net/ipv4/xfrm4_input.o
  CC      lib/kobject_uevent.o
  CC      net/sunrpc/auth.o
  CC      net/ipv4/xfrm4_output.o
  CC      lib/md5.o
  CC      drivers/regulator/dummy.o
  CC      lib/plist.o
  CC      lib/prio_heap.o
  CC      net/ipv4/xfrm4_protocol.o
  CC      drivers/regulator/fixed-helper.o
  CC      net/sunrpc/auth_null.o
  CC      lib/proportions.o
  CC      lib/radix-tree.o
  CC      drivers/regulator/helpers.o
  LD      net/ipv4/built-in.o
  CC      net/sunrpc/auth_unix.o
  CC      lib/ratelimit.o
  CC      drivers/regulator/devres.o
  CC      net/sunrpc/auth_generic.o
  CC      drivers/regulator/of_regulator.o
  CC      lib/rbtree.o
  CC      net/sunrpc/svc.o
  CC      lib/reciprocal_div.o
  CC      drivers/regulator/fixed.o
  CC      lib/sha1.o
  CC      drivers/regulator/vexpress.o
  CC      lib/show_mem.o
  CC      net/unix/af_unix.o
  LD      drivers/regulator/built-in.o
  CC      drivers/rtc/rtc-lib.o
  CC      lib/string.o
  CC      drivers/rtc/hctosys.o
  CC      net/sunrpc/svcsock.o
  CC      lib/timerqueue.o
  CC      drivers/rtc/systohc.o
  CC      lib/vsprintf.o
  CC      drivers/rtc/class.o
  CC      drivers/rtc/interface.o
  CC      net/sunrpc/svcauth.o
  CC      net/unix/garbage.o
  CC      drivers/rtc/rtc-dev.o
  GEN     lib/crc32table.h
  AR      lib/lib.a
  CC      net/sunrpc/svcauth_unix.o
  CC      lib/crc32.o
  CC      drivers/rtc/rtc-proc.o
  CC      net/unix/sysctl_net_unix.o
  CC      drivers/rtc/rtc-sysfs.o
  LD      lib/built-in.o
  CC      drivers/rtc/rtc-pl031.o
  CC      net/sunrpc/addr.o
  LD      net/unix/unix.o
  LD      net/unix/built-in.o
  CC      net/sunrpc/rpcb_clnt.o
  LD      drivers/rtc/rtc-core.o
  LD      drivers/rtc/built-in.o
  CC      net/sunrpc/timer.o
  CC      drivers/scsi/scsi.o
  CC      drivers/scsi/hosts.o
  CC      net/xfrm/xfrm_policy.o
  CC      net/sunrpc/xdr.o
  CC      net/xfrm/xfrm_state.o
  CC      drivers/scsi/scsi_ioctl.o
  CC      drivers/scsi/constants.o
  CC      net/sunrpc/sunrpc_syms.o
  CC      drivers/scsi/scsicam.o
  CC      net/sunrpc/cache.o
  CC      drivers/scsi/scsi_error.o
  CC      net/sunrpc/rpc_pipe.o
  CC      net/xfrm/xfrm_hash.o
  CC      net/xfrm/xfrm_input.o
  CC      net/xfrm/xfrm_output.o
  CC      drivers/scsi/scsi_lib.o
  CC      drivers/scsi/scsi_lib_dma.o
  CC      net/sunrpc/svc_xprt.o
  CC      net/sunrpc/stats.o
  CC      net/xfrm/xfrm_sysctl.o
  CC      net/xfrm/xfrm_replay.o
  CC      net/sunrpc/sysctl.o
  LD      net/sunrpc/xprtrdma/built-in.o
  CC      drivers/scsi/scsi_scan.o
  LD      drivers/soc/built-in.o
  CC      drivers/tty/tty_io.o
  LD      net/sunrpc/sunrpc.o
  LD      net/sunrpc/built-in.o
  CC      drivers/usb/common/usb-common.o
  LD      net/xfrm/built-in.o
  CC      net/sysctl_net.o
  LD      drivers/usb/common/built-in.o
  CC      drivers/usb/core/usb.o
  CC      drivers/scsi/scsi_sysfs.o
  LD      net/built-in.o
  CC      drivers/usb/core/hub.o
  CC      drivers/usb/core/hcd.o
  CC      drivers/tty/n_tty.o
  CC      drivers/scsi/scsi_devinfo.o
  CC      drivers/scsi/scsi_sysctl.o
  CC      drivers/usb/host/isp1760-hcd.o
  CC      drivers/scsi/scsi_trace.o
  CC      drivers/tty/tty_ioctl.o
  CC      drivers/scsi/scsi_pm.o
  CC      drivers/usb/core/urb.o
  CC      drivers/scsi/sd.o
  CC      drivers/tty/tty_ldisc.o
  CC      drivers/usb/host/isp1760-if.o
  CC      drivers/usb/core/message.o
  LD      drivers/usb/host/isp1760.o
  LD      drivers/usb/host/built-in.o
  CC      drivers/tty/tty_buffer.o
  CC      drivers/usb/core/driver.o
  CC      drivers/tty/tty_port.o
  CC      drivers/scsi/sd_dif.o
  CC      drivers/usb/core/config.o
  CC      drivers/tty/tty_mutex.o
  CC      drivers/tty/tty_ldsem.o
  CC      drivers/tty/pty.o
  CC      drivers/scsi/virtio_scsi.o
  LD      drivers/scsi/arm/built-in.o
  CC      drivers/usb/core/file.o
  CC      drivers/tty/sysrq.o
  LD      drivers/scsi/sd_mod.o
  CC      drivers/tty/hvc/hvc_console.o
  CC      drivers/usb/core/buffer.o
  LD      drivers/scsi/scsi_mod.o
  LD      drivers/scsi/built-in.o
  CC      drivers/usb/core/sysfs.o
  LD      drivers/usb/misc/built-in.o
  LD      drivers/video/backlight/built-in.o
  CC      drivers/video/console/dummycon.o
  CC      drivers/usb/mon/mon_main.o
  LD      drivers/tty/hvc/built-in.o
  LD      drivers/tty/ipwireless/built-in.o
  CC      drivers/tty/serial/serial_core.o
  CC      drivers/video/console/fbcon.o
  CC      drivers/usb/mon/mon_stat.o
  CC      drivers/usb/core/endpoint.o
  CC      drivers/usb/mon/mon_text.o
  CC      drivers/usb/core/devio.o
  CC      drivers/tty/serial/earlycon.o
  CC      drivers/usb/mon/mon_bin.o
  CC      drivers/tty/serial/amba-pl011.o
  LD      drivers/usb/mon/usbmon.o
  LD      drivers/usb/mon/built-in.o
  CC      drivers/video/fbdev/core/fb_notify.o
  CC      drivers/video/console/bitblit.o
  CC      drivers/usb/core/notify.o
  LD      drivers/tty/serial/built-in.o
  CC      drivers/tty/vt/vt_ioctl.o
  CC      drivers/video/fbdev/core/fbmem.o
  CC      drivers/usb/core/generic.o
  CC      drivers/video/console/softcursor.o
  CC      drivers/usb/core/quirks.o
  CC      drivers/tty/vt/vc_screen.o
  LD      drivers/video/console/built-in.o
  CC      drivers/tty/vt/selection.o
  CC      drivers/usb/core/devices.o
  CC      drivers/video/fbdev/core/fbmon.o
  CC      drivers/video/fbdev/core/fbcmap.o
  CC      drivers/tty/vt/keyboard.o
  CC      drivers/usb/core/port.o
  CC      drivers/video/fbdev/core/fbsysfs.o
  LD      drivers/usb/core/usbcore.o
  LD      drivers/usb/core/built-in.o
  CC      drivers/usb/phy/of.o
  CC      drivers/usb/storage/scsiglue.o
  LD      drivers/usb/phy/built-in.o
  CC      drivers/tty/vt/consolemap.o
  CC      drivers/video/fbdev/core/modedb.o
  CC      drivers/usb/storage/protocol.o
  CC      drivers/usb/storage/transport.o
  CONMK   drivers/tty/vt/consolemap_deftbl.c
  CC      drivers/tty/vt/vt.o
  CC      drivers/video/fbdev/core/fbcvt.o
  CC      drivers/virtio/virtio.o
  CC      drivers/video/fbdev/core/cfbfillrect.o
  CC      drivers/virtio/virtio_ring.o
  CC      drivers/usb/storage/usb.o
  CC      drivers/video/fbdev/core/cfbcopyarea.o
  CC      drivers/virtio/virtio_mmio.o
  CC      drivers/usb/storage/initializers.o
  CC      drivers/video/fbdev/core/cfbimgblt.o
  CC      drivers/usb/storage/sierra_ms.o
  CC      drivers/virtio/virtio_balloon.o
  LD      drivers/video/fbdev/core/fb.o
  LD      drivers/video/fbdev/core/built-in.o
  LD      drivers/video/fbdev/omap2/displays-new/built-in.o
  LD      drivers/video/fbdev/omap2/dss/built-in.o
  LD      drivers/video/fbdev/omap2/built-in.o
  CC      drivers/video/fbdev/amba-clcd.o
  CC      drivers/usb/storage/option_ms.o
  SHIPPED drivers/tty/vt/defkeymap.c
  CC      drivers/tty/vt/consolemap_deftbl.o
  CC      drivers/tty/vt/defkeymap.o
  LD      drivers/tty/vt/built-in.o
  LD      drivers/tty/built-in.o
  CC      drivers/usb/storage/usual-tables.o
  LD      drivers/virtio/built-in.o
  CC      drivers/video/fbdev/amba-clcd-versatile.o
  CC      drivers/video/logo/logo.o
  LOGO    drivers/video/logo/logo_linux_clut224.c
  LOGO    drivers/video/logo/logo_linux_mono.c
  CC      drivers/video/display_timing.o
  LD      drivers/usb/storage/usb-storage.o
  LOGO    drivers/video/logo/logo_superh_mono.c
  LD      drivers/usb/storage/built-in.o
  LOGO    drivers/video/logo/clut_vga16.c
  LOGO    drivers/video/logo/logo_blackfin_vga16.c
  LOGO    drivers/video/logo/logo_linux_vga16.c
  LD      drivers/usb/built-in.o
  LOGO    drivers/video/logo/logo_superh_vga16.c
  LOGO    drivers/video/logo/logo_blackfin_clut224.c
  LOGO    drivers/video/logo/logo_dec_clut224.c
  LOGO    drivers/video/logo/logo_m32r_clut224.c
  LOGO    drivers/video/logo/logo_mac_clut224.c
  LOGO    drivers/video/logo/logo_parisc_clut224.c
  LOGO    drivers/video/logo/logo_sgi_clut224.c
  LOGO    drivers/video/logo/logo_spe_clut224.c
  CC      drivers/video/videomode.o
  LOGO    drivers/video/logo/logo_sun_clut224.c
  LOGO    drivers/video/logo/logo_superh_clut224.c
  CC      drivers/video/of_display_timing.o
  CC      drivers/video/logo/logo_linux_clut224.o
  LD      drivers/video/fbdev/built-in.o
  CC      drivers/video/of_videomode.o
  LD      drivers/video/logo/built-in.o
  LD      drivers/video/built-in.o
  LD      drivers/built-in.o
  LINK    vmlinux
  LD      vmlinux.o
  MODPOST vmlinux.o
  GEN     .version
  CHK     include/generated/compile.h
  UPD     include/generated/compile.h
  CC      init/version.o
  LD      init/built-in.o
  KSYM    .tmp_kallsyms1.o
  KSYM    .tmp_kallsyms2.o
  LD      vmlinux
  SORTEX  vmlinux
  SYSMAP  System.map
  OBJCOPY arch/arm/boot/Image
  Kernel: arch/arm/boot/Image is ready
  LDS     arch/arm/boot/compressed/vmlinux.lds
  AS      arch/arm/boot/compressed/head.o
  GZIP    arch/arm/boot/compressed/piggy.gzip
  CC      arch/arm/boot/compressed/misc.o
  CC      arch/arm/boot/compressed/decompress.o
  CC      arch/arm/boot/compressed/string.o
  SHIPPED arch/arm/boot/compressed/hyp-stub.S
  SHIPPED arch/arm/boot/compressed/lib1funcs.S
  SHIPPED arch/arm/boot/compressed/ashldi3.S
  SHIPPED arch/arm/boot/compressed/bswapsdi2.S
  AS      arch/arm/boot/compressed/hyp-stub.o
  AS      arch/arm/boot/compressed/lib1funcs.o
  AS      arch/arm/boot/compressed/ashldi3.o
  AS      arch/arm/boot/compressed/bswapsdi2.o
  AS      arch/arm/boot/compressed/piggy.gzip.o
  LD      arch/arm/boot/compressed/vmlinux
  OBJCOPY arch/arm/boot/zImage
  Kernel: arch/arm/boot/zImage is ready
